{"@timestamp":"2022-04-21T12:49:19.584+02:00","@version":"1","message":"start unit test should houlReturnpersonId ","logger_name":"org.steinko.bank.customer.CustomerControllerTest","thread_name":"Test worker","level":"INFO","level_value":20000,"category":"component"}
{"@timestamp":"2022-04-21T12:49:19.614+02:00","@version":"1","message":"getPersonId personId: 26076144574 category=component","logger_name":"org.steinko.bank.customer.CustomerDto","thread_name":"Test worker","level":"INFO","level_value":20000,"category":"component"}
{"@timestamp":"2022-04-21T12:49:19.618+02:00","@version":"1","message":"end unit test shoulReturnpersonId ","logger_name":"org.steinko.bank.customer.CustomerControllerTest","thread_name":"Test worker","level":"INFO","level_value":20000,"category":"component"}
{"@timestamp":"2022-04-21T12:49:19.626+02:00","@version":"1","message":"start unit test shoulReturnDto( ","logger_name":"org.steinko.bank.customer.CustomerControllerTest","thread_name":"Test worker","level":"INFO","level_value":20000,"category":"component"}
{"@timestamp":"2022-04-21T12:49:19.627+02:00","@version":"1","message":"end unit test shoulReturnDto( ","logger_name":"org.steinko.bank.customer.CustomerControllerTest","thread_name":"Test worker","level":"INFO","level_value":20000,"category":"component"}
{"@timestamp":"2022-04-21T12:49:19.628+02:00","@version":"1","message":"start unit test shoulHavACorrctDto ","logger_name":"org.steinko.bank.customer.CustomerControllerTest","thread_name":"Test worker","level":"INFO","level_value":20000,"category":"component"}
{"@timestamp":"2022-04-21T12:49:19.630+02:00","@version":"1","message":"start constructor create customer . persoonId:26076144574","logger_name":"org.steinko.bank.customer.Customer","thread_name":"Test worker","level":"INFO","level_value":20000,"category":"component"}
{"@timestamp":"2022-04-21T12:49:19.699+02:00","@version":"1","message":"setPersonId personid: 26076144574","logger_name":"org.steinko.bank.customer.CustomerDto","thread_name":"Test worker","level":"INFO","level_value":20000,"category":"component"}
{"@timestamp":"2022-04-21T12:49:19.700+02:00","@version":"1","message":"getPersonId personId: 26076144574 category=component","logger_name":"org.steinko.bank.customer.CustomerDto","thread_name":"Test worker","level":"INFO","level_value":20000,"category":"component"}
{"@timestamp":"2022-04-21T12:49:19.700+02:00","@version":"1","message":"end unit test shoulHavACorrctDto ","logger_name":"org.steinko.bank.customer.CustomerControllerTest","thread_name":"Test worker","level":"INFO","level_value":20000,"category":"component"}
{"@timestamp":"2022-04-21T12:49:19.914+02:00","@version":"1","message":"start constructor create customer . persoonId:26076144574","logger_name":"org.steinko.bank.customer.Customer","thread_name":"Test worker","level":"INFO","level_value":20000,"category":"component"}
{"@timestamp":"2022-04-21T12:49:19.916+02:00","@version":"1","message":"start constructor create customer . persoonId:234556","logger_name":"org.steinko.bank.customer.Customer","thread_name":"Test worker","level":"INFO","level_value":20000,"category":"component"}
{"@timestamp":"2022-04-21T12:49:19.916+02:00","@version":"1","message":"start constructor create customer . persoonId:26076544574","logger_name":"org.steinko.bank.customer.Customer","thread_name":"Test worker","level":"INFO","level_value":20000,"category":"component"}
{"@timestamp":"2022-04-21T12:49:19.960+02:00","@version":"1","message":"start constructor create customer . persoonId:26076144574","logger_name":"org.steinko.bank.customer.Customer","thread_name":"Test worker","level":"INFO","level_value":20000,"category":"component"}
{"@timestamp":"2022-04-21T12:49:19.961+02:00","@version":"1","message":"start constructor create customer . persoonId:234556","logger_name":"org.steinko.bank.customer.Customer","thread_name":"Test worker","level":"INFO","level_value":20000,"category":"component"}
{"@timestamp":"2022-04-21T12:49:19.961+02:00","@version":"1","message":"start constructor create customer . persoonId:26076544574","logger_name":"org.steinko.bank.customer.Customer","thread_name":"Test worker","level":"INFO","level_value":20000,"category":"component"}
{"@timestamp":"2022-04-21T12:49:19.965+02:00","@version":"1","message":"start constructor create customer . persoonId:26076144574","logger_name":"org.steinko.bank.customer.Customer","thread_name":"Test worker","level":"INFO","level_value":20000,"category":"component"}
{"@timestamp":"2022-04-21T12:49:19.981+02:00","@version":"1","message":"start constructor create customer . persoonId:234556","logger_name":"org.steinko.bank.customer.Customer","thread_name":"Test worker","level":"INFO","level_value":20000,"category":"component"}
{"@timestamp":"2022-04-21T12:49:19.981+02:00","@version":"1","message":"start constructor create customer . persoonId:26076544574","logger_name":"org.steinko.bank.customer.Customer","thread_name":"Test worker","level":"INFO","level_value":20000,"category":"component"}
{"@timestamp":"2022-04-21T12:49:19.985+02:00","@version":"1","message":"start constructor create customer . persoonId:26076144574","logger_name":"org.steinko.bank.customer.Customer","thread_name":"Test worker","level":"INFO","level_value":20000,"category":"component"}
{"@timestamp":"2022-04-21T12:49:19.985+02:00","@version":"1","message":"start constructor create customer . persoonId:234556","logger_name":"org.steinko.bank.customer.Customer","thread_name":"Test worker","level":"INFO","level_value":20000,"category":"component"}
{"@timestamp":"2022-04-21T12:49:19.985+02:00","@version":"1","message":"start constructor create customer . persoonId:26076544574","logger_name":"org.steinko.bank.customer.Customer","thread_name":"Test worker","level":"INFO","level_value":20000,"category":"component"}
{"@timestamp":"2022-04-21T12:49:19.990+02:00","@version":"1","message":"start constructor create customer . persoonId:26076144574","logger_name":"org.steinko.bank.customer.Customer","thread_name":"Test worker","level":"INFO","level_value":20000,"category":"component"}
{"@timestamp":"2022-04-21T12:49:19.991+02:00","@version":"1","message":"start constructor create customer . persoonId:234556","logger_name":"org.steinko.bank.customer.Customer","thread_name":"Test worker","level":"INFO","level_value":20000,"category":"component"}
{"@timestamp":"2022-04-21T12:49:19.991+02:00","@version":"1","message":"start constructor create customer . persoonId:26076544574","logger_name":"org.steinko.bank.customer.Customer","thread_name":"Test worker","level":"INFO","level_value":20000,"category":"component"}
{"@timestamp":"2022-04-21T12:49:19.995+02:00","@version":"1","message":"start constructor create customer . persoonId:26076144574","logger_name":"org.steinko.bank.customer.Customer","thread_name":"Test worker","level":"INFO","level_value":20000,"category":"component"}
{"@timestamp":"2022-04-21T12:49:19.995+02:00","@version":"1","message":"start constructor create customer . persoonId:234556","logger_name":"org.steinko.bank.customer.Customer","thread_name":"Test worker","level":"INFO","level_value":20000,"category":"component"}
{"@timestamp":"2022-04-21T12:49:19.996+02:00","@version":"1","message":"start constructor create customer . persoonId:26076544574","logger_name":"org.steinko.bank.customer.Customer","thread_name":"Test worker","level":"INFO","level_value":20000,"category":"component"}
{"@timestamp":"2022-04-21T12:49:19.999+02:00","@version":"1","message":"start constructor create customer . persoonId:26076144574","logger_name":"org.steinko.bank.customer.Customer","thread_name":"Test worker","level":"INFO","level_value":20000,"category":"component"}
{"@timestamp":"2022-04-21T12:49:20.000+02:00","@version":"1","message":"start constructor create customer . persoonId:234556","logger_name":"org.steinko.bank.customer.Customer","thread_name":"Test worker","level":"INFO","level_value":20000,"category":"component"}
{"@timestamp":"2022-04-21T12:49:20.000+02:00","@version":"1","message":"start constructor create customer . persoonId:26076544574","logger_name":"org.steinko.bank.customer.Customer","thread_name":"Test worker","level":"INFO","level_value":20000,"category":"component"}
{"@timestamp":"2022-04-21T12:49:24.164+02:00","@version":"1","message":"Logging Provider: org.jboss.logging.Log4j2LoggerProvider","logger_name":"org.jboss.logging","thread_name":"Test worker","level":"DEBUG","level_value":10000}
{"@timestamp":"2022-04-21T12:49:24.169+02:00","@version":"1","message":"HV000001: Hibernate Validator 6.0.19.Final","logger_name":"org.hibernate.validator.internal.util.Version","thread_name":"Test worker","level":"INFO","level_value":20000}
{"@timestamp":"2022-04-21T12:49:24.194+02:00","@version":"1","message":"Found javax.persistence.Persistence on classpath containing 'getPersistenceUtil'. Assuming JPA 2 environment. Trying to instantiate JPA aware TraversableResolver","logger_name":"org.hibernate.validator.internal.engine.resolver.TraversableResolvers","thread_name":"Test worker","level":"DEBUG","level_value":10000}
{"@timestamp":"2022-04-21T12:49:24.197+02:00","@version":"1","message":"Instantiated JPA aware TraversableResolver of type org.hibernate.validator.internal.engine.resolver.JPATraversableResolver.","logger_name":"org.hibernate.validator.internal.engine.resolver.TraversableResolvers","thread_name":"Test worker","level":"DEBUG","level_value":10000}
{"@timestamp":"2022-04-21T12:49:24.235+02:00","@version":"1","message":"Loaded expression factory via original TCCL","logger_name":"org.hibernate.validator.messageinterpolation.ResourceBundleMessageInterpolator","thread_name":"Test worker","level":"DEBUG","level_value":10000}
{"@timestamp":"2022-04-21T12:49:24.236+02:00","@version":"1","message":"Setting custom MessageInterpolator of type org.springframework.validation.beanvalidation.LocaleContextMessageInterpolator","logger_name":"org.hibernate.validator.internal.engine.ConfigurationImpl","thread_name":"Test worker","level":"DEBUG","level_value":10000}
{"@timestamp":"2022-04-21T12:49:24.237+02:00","@version":"1","message":"Setting custom ParameterNameProvider of type org.springframework.validation.beanvalidation.LocalValidatorFactoryBean$1","logger_name":"org.hibernate.validator.internal.engine.ConfigurationImpl","thread_name":"Test worker","level":"DEBUG","level_value":10000}
{"@timestamp":"2022-04-21T12:49:24.267+02:00","@version":"1","message":"Trying to load META-INF/validation.xml for XML based Validator configuration.","logger_name":"org.hibernate.validator.internal.xml.config.ValidationXmlParser","thread_name":"Test worker","level":"DEBUG","level_value":10000}
{"@timestamp":"2022-04-21T12:49:24.270+02:00","@version":"1","message":"Trying to load META-INF/validation.xml via TCCL","logger_name":"org.hibernate.validator.internal.xml.config.ResourceLoaderHelper","thread_name":"Test worker","level":"DEBUG","level_value":10000}
{"@timestamp":"2022-04-21T12:49:24.271+02:00","@version":"1","message":"Trying to load META-INF/validation.xml via Hibernate Validator's class loader","logger_name":"org.hibernate.validator.internal.xml.config.ResourceLoaderHelper","thread_name":"Test worker","level":"DEBUG","level_value":10000}
{"@timestamp":"2022-04-21T12:49:24.273+02:00","@version":"1","message":"No META-INF/validation.xml found. Using annotation based configuration only.","logger_name":"org.hibernate.validator.internal.xml.config.ValidationXmlParser","thread_name":"Test worker","level":"DEBUG","level_value":10000}
{"@timestamp":"2022-04-21T12:49:24.598+02:00","@version":"1","message":"HV000234: Using org.springframework.validation.beanvalidation.LocaleContextMessageInterpolator as ValidatorFactory-scoped message interpolator.","logger_name":"org.hibernate.validator.internal.engine.ValidatorFactoryImpl","thread_name":"Test worker","level":"DEBUG","level_value":10000}
{"@timestamp":"2022-04-21T12:49:24.600+02:00","@version":"1","message":"HV000234: Using org.hibernate.validator.internal.engine.resolver.JPATraversableResolver as ValidatorFactory-scoped traversable resolver.","logger_name":"org.hibernate.validator.internal.engine.ValidatorFactoryImpl","thread_name":"Test worker","level":"DEBUG","level_value":10000}
{"@timestamp":"2022-04-21T12:49:24.603+02:00","@version":"1","message":"HV000234: Using org.hibernate.validator.internal.util.ExecutableParameterNameProvider as ValidatorFactory-scoped parameter name provider.","logger_name":"org.hibernate.validator.internal.engine.ValidatorFactoryImpl","thread_name":"Test worker","level":"DEBUG","level_value":10000}
{"@timestamp":"2022-04-21T12:49:24.604+02:00","@version":"1","message":"HV000234: Using org.hibernate.validator.internal.engine.DefaultClockProvider as ValidatorFactory-scoped clock provider.","logger_name":"org.hibernate.validator.internal.engine.ValidatorFactoryImpl","thread_name":"Test worker","level":"DEBUG","level_value":10000}
{"@timestamp":"2022-04-21T12:49:24.605+02:00","@version":"1","message":"HV000234: Using org.hibernate.validator.internal.engine.scripting.DefaultScriptEvaluatorFactory as ValidatorFactory-scoped script evaluator factory.","logger_name":"org.hibernate.validator.internal.engine.ValidatorFactoryImpl","thread_name":"Test worker","level":"DEBUG","level_value":10000}
{"@timestamp":"2022-04-21T12:49:24.963+02:00","@version":"1","message":"2 mappings in <unknown>","logger_name":"org.springframework.web.servlet.mvc.method.annotation.RequestMappingHandlerMapping","thread_name":"Test worker","level":"DEBUG","level_value":10000}
{"@timestamp":"2022-04-21T12:49:25.065+02:00","@version":"1","message":"ControllerAdvice beans: 0 @ModelAttribute, 0 @InitBinder, 1 RequestBodyAdvice, 1 ResponseBodyAdvice","logger_name":"org.springframework.web.servlet.mvc.method.annotation.RequestMappingHandlerAdapter","thread_name":"Test worker","level":"DEBUG","level_value":10000}
{"@timestamp":"2022-04-21T12:49:25.136+02:00","@version":"1","message":"ControllerAdvice beans: 0 @ExceptionHandler, 1 ResponseBodyAdvice","logger_name":"org.springframework.web.servlet.mvc.method.annotation.ExceptionHandlerExceptionResolver","thread_name":"Test worker","level":"DEBUG","level_value":10000}
{"@timestamp":"2022-04-21T12:49:25.198+02:00","@version":"1","message":"Initializing Spring TestDispatcherServlet ''","logger_name":"org.springframework.mock.web.MockServletContext","thread_name":"Test worker","level":"INFO","level_value":20000}
{"@timestamp":"2022-04-21T12:49:25.199+02:00","@version":"1","message":"Initializing Servlet ''","logger_name":"org.springframework.test.web.servlet.TestDispatcherServlet","thread_name":"Test worker","level":"INFO","level_value":20000}
{"@timestamp":"2022-04-21T12:49:25.203+02:00","@version":"1","message":"Detected AcceptHeaderLocaleResolver","logger_name":"org.springframework.test.web.servlet.TestDispatcherServlet","thread_name":"Test worker","level":"DEBUG","level_value":10000}
{"@timestamp":"2022-04-21T12:49:25.203+02:00","@version":"1","message":"Detected FixedThemeResolver","logger_name":"org.springframework.test.web.servlet.TestDispatcherServlet","thread_name":"Test worker","level":"DEBUG","level_value":10000}
{"@timestamp":"2022-04-21T12:49:25.204+02:00","@version":"1","message":"Detected org.springframework.web.servlet.view.DefaultRequestToViewNameTranslator@37b6bd61","logger_name":"org.springframework.test.web.servlet.TestDispatcherServlet","thread_name":"Test worker","level":"DEBUG","level_value":10000}
{"@timestamp":"2022-04-21T12:49:25.205+02:00","@version":"1","message":"Detected org.springframework.web.servlet.support.SessionFlashMapManager@3dd1a61d","logger_name":"org.springframework.test.web.servlet.TestDispatcherServlet","thread_name":"Test worker","level":"DEBUG","level_value":10000}
{"@timestamp":"2022-04-21T12:49:25.205+02:00","@version":"1","message":"enableLoggingRequestDetails='false': request parameters and headers will be masked to prevent unsafe logging of potentially sensitive data","logger_name":"org.springframework.test.web.servlet.TestDispatcherServlet","thread_name":"Test worker","level":"DEBUG","level_value":10000}
{"@timestamp":"2022-04-21T12:49:25.205+02:00","@version":"1","message":"Completed initialization in 6 ms","logger_name":"org.springframework.test.web.servlet.TestDispatcherServlet","thread_name":"Test worker","level":"INFO","level_value":20000}
{"@timestamp":"2022-04-21T12:49:25.413+02:00","@version":"1","message":"GET \"/savingsaccount/26076144574\", parameters={}","logger_name":"org.springframework.test.web.servlet.TestDispatcherServlet","thread_name":"Test worker","level":"DEBUG","level_value":10000}
{"@timestamp":"2022-04-21T12:49:25.438+02:00","@version":"1","message":"Mapped to org.steinko.bank.bankaccount.BankAccountController#getSavingsAccount(Long)","logger_name":"org.springframework.web.servlet.mvc.method.annotation.RequestMappingHandlerMapping","thread_name":"Test worker","level":"DEBUG","level_value":10000}
{"@timestamp":"2022-04-21T12:49:25.608+02:00","@version":"1","message":"Using 'application/json', given [*/*] and supported [application/json, application/*+json]","logger_name":"org.springframework.web.servlet.mvc.method.annotation.RequestResponseBodyMethodProcessor","thread_name":"Test worker","level":"DEBUG","level_value":10000}
{"@timestamp":"2022-04-21T12:49:25.609+02:00","@version":"1","message":"Writing [org.steinko.bank.bankaccount.BankAccountDto@72610f38]","logger_name":"org.springframework.web.servlet.mvc.method.annotation.RequestResponseBodyMethodProcessor","thread_name":"Test worker","level":"DEBUG","level_value":10000}
{"@timestamp":"2022-04-21T12:49:25.619+02:00","@version":"1","message":"Completed 200 OK","logger_name":"org.springframework.test.web.servlet.TestDispatcherServlet","thread_name":"Test worker","level":"DEBUG","level_value":10000}
{"@timestamp":"2022-04-21T12:49:29.119+02:00","@version":"1","message":"Found javax.persistence.Persistence on classpath containing 'getPersistenceUtil'. Assuming JPA 2 environment. Trying to instantiate JPA aware TraversableResolver","logger_name":"org.hibernate.validator.internal.engine.resolver.TraversableResolvers","thread_name":"Test worker","level":"DEBUG","level_value":10000}
{"@timestamp":"2022-04-21T12:49:29.123+02:00","@version":"1","message":"Instantiated JPA aware TraversableResolver of type org.hibernate.validator.internal.engine.resolver.JPATraversableResolver.","logger_name":"org.hibernate.validator.internal.engine.resolver.TraversableResolvers","thread_name":"Test worker","level":"DEBUG","level_value":10000}
{"@timestamp":"2022-04-21T12:49:29.125+02:00","@version":"1","message":"Loaded expression factory via original TCCL","logger_name":"org.hibernate.validator.messageinterpolation.ResourceBundleMessageInterpolator","thread_name":"Test worker","level":"DEBUG","level_value":10000}
{"@timestamp":"2022-04-21T12:49:29.125+02:00","@version":"1","message":"Setting custom MessageInterpolator of type org.springframework.validation.beanvalidation.LocaleContextMessageInterpolator","logger_name":"org.hibernate.validator.internal.engine.ConfigurationImpl","thread_name":"Test worker","level":"DEBUG","level_value":10000}
{"@timestamp":"2022-04-21T12:49:29.125+02:00","@version":"1","message":"Setting custom ParameterNameProvider of type org.springframework.validation.beanvalidation.LocalValidatorFactoryBean$1","logger_name":"org.hibernate.validator.internal.engine.ConfigurationImpl","thread_name":"Test worker","level":"DEBUG","level_value":10000}
{"@timestamp":"2022-04-21T12:49:29.127+02:00","@version":"1","message":"Trying to load META-INF/validation.xml for XML based Validator configuration.","logger_name":"org.hibernate.validator.internal.xml.config.ValidationXmlParser","thread_name":"Test worker","level":"DEBUG","level_value":10000}
{"@timestamp":"2022-04-21T12:49:29.128+02:00","@version":"1","message":"Trying to load META-INF/validation.xml via TCCL","logger_name":"org.hibernate.validator.internal.xml.config.ResourceLoaderHelper","thread_name":"Test worker","level":"DEBUG","level_value":10000}
{"@timestamp":"2022-04-21T12:49:29.129+02:00","@version":"1","message":"Trying to load META-INF/validation.xml via Hibernate Validator's class loader","logger_name":"org.hibernate.validator.internal.xml.config.ResourceLoaderHelper","thread_name":"Test worker","level":"DEBUG","level_value":10000}
{"@timestamp":"2022-04-21T12:49:29.131+02:00","@version":"1","message":"No META-INF/validation.xml found. Using annotation based configuration only.","logger_name":"org.hibernate.validator.internal.xml.config.ValidationXmlParser","thread_name":"Test worker","level":"DEBUG","level_value":10000}
{"@timestamp":"2022-04-21T12:49:29.148+02:00","@version":"1","message":"HV000234: Using org.springframework.validation.beanvalidation.LocaleContextMessageInterpolator as ValidatorFactory-scoped message interpolator.","logger_name":"org.hibernate.validator.internal.engine.ValidatorFactoryImpl","thread_name":"Test worker","level":"DEBUG","level_value":10000}
{"@timestamp":"2022-04-21T12:49:29.151+02:00","@version":"1","message":"HV000234: Using org.hibernate.validator.internal.engine.resolver.JPATraversableResolver as ValidatorFactory-scoped traversable resolver.","logger_name":"org.hibernate.validator.internal.engine.ValidatorFactoryImpl","thread_name":"Test worker","level":"DEBUG","level_value":10000}
{"@timestamp":"2022-04-21T12:49:29.152+02:00","@version":"1","message":"HV000234: Using org.hibernate.validator.internal.util.ExecutableParameterNameProvider as ValidatorFactory-scoped parameter name provider.","logger_name":"org.hibernate.validator.internal.engine.ValidatorFactoryImpl","thread_name":"Test worker","level":"DEBUG","level_value":10000}
{"@timestamp":"2022-04-21T12:49:29.152+02:00","@version":"1","message":"HV000234: Using org.hibernate.validator.internal.engine.DefaultClockProvider as ValidatorFactory-scoped clock provider.","logger_name":"org.hibernate.validator.internal.engine.ValidatorFactoryImpl","thread_name":"Test worker","level":"DEBUG","level_value":10000}
{"@timestamp":"2022-04-21T12:49:29.153+02:00","@version":"1","message":"HV000234: Using org.hibernate.validator.internal.engine.scripting.DefaultScriptEvaluatorFactory as ValidatorFactory-scoped script evaluator factory.","logger_name":"org.hibernate.validator.internal.engine.ValidatorFactoryImpl","thread_name":"Test worker","level":"DEBUG","level_value":10000}
{"@timestamp":"2022-04-21T12:49:29.167+02:00","@version":"1","message":"2 mappings in <unknown>","logger_name":"org.springframework.web.servlet.mvc.method.annotation.RequestMappingHandlerMapping","thread_name":"Test worker","level":"DEBUG","level_value":10000}
{"@timestamp":"2022-04-21T12:49:29.181+02:00","@version":"1","message":"ControllerAdvice beans: 0 @ModelAttribute, 0 @InitBinder, 1 RequestBodyAdvice, 1 ResponseBodyAdvice","logger_name":"org.springframework.web.servlet.mvc.method.annotation.RequestMappingHandlerAdapter","thread_name":"Test worker","level":"DEBUG","level_value":10000}
{"@timestamp":"2022-04-21T12:49:29.192+02:00","@version":"1","message":"ControllerAdvice beans: 0 @ExceptionHandler, 1 ResponseBodyAdvice","logger_name":"org.springframework.web.servlet.mvc.method.annotation.ExceptionHandlerExceptionResolver","thread_name":"Test worker","level":"DEBUG","level_value":10000}
{"@timestamp":"2022-04-21T12:49:29.192+02:00","@version":"1","message":"Initializing Spring TestDispatcherServlet ''","logger_name":"org.springframework.mock.web.MockServletContext","thread_name":"Test worker","level":"INFO","level_value":20000}
{"@timestamp":"2022-04-21T12:49:29.192+02:00","@version":"1","message":"Initializing Servlet ''","logger_name":"org.springframework.test.web.servlet.TestDispatcherServlet","thread_name":"Test worker","level":"INFO","level_value":20000}
{"@timestamp":"2022-04-21T12:49:29.193+02:00","@version":"1","message":"Detected AcceptHeaderLocaleResolver","logger_name":"org.springframework.test.web.servlet.TestDispatcherServlet","thread_name":"Test worker","level":"DEBUG","level_value":10000}
{"@timestamp":"2022-04-21T12:49:29.193+02:00","@version":"1","message":"Detected FixedThemeResolver","logger_name":"org.springframework.test.web.servlet.TestDispatcherServlet","thread_name":"Test worker","level":"DEBUG","level_value":10000}
{"@timestamp":"2022-04-21T12:49:29.193+02:00","@version":"1","message":"Detected org.springframework.web.servlet.view.DefaultRequestToViewNameTranslator@610b7ea0","logger_name":"org.springframework.test.web.servlet.TestDispatcherServlet","thread_name":"Test worker","level":"DEBUG","level_value":10000}
{"@timestamp":"2022-04-21T12:49:29.193+02:00","@version":"1","message":"Detected org.springframework.web.servlet.support.SessionFlashMapManager@592e45dd","logger_name":"org.springframework.test.web.servlet.TestDispatcherServlet","thread_name":"Test worker","level":"DEBUG","level_value":10000}
{"@timestamp":"2022-04-21T12:49:29.194+02:00","@version":"1","message":"enableLoggingRequestDetails='false': request parameters and headers will be masked to prevent unsafe logging of potentially sensitive data","logger_name":"org.springframework.test.web.servlet.TestDispatcherServlet","thread_name":"Test worker","level":"DEBUG","level_value":10000}
{"@timestamp":"2022-04-21T12:49:29.194+02:00","@version":"1","message":"Completed initialization in 1 ms","logger_name":"org.springframework.test.web.servlet.TestDispatcherServlet","thread_name":"Test worker","level":"INFO","level_value":20000}
{"@timestamp":"2022-04-21T12:49:29.197+02:00","@version":"1","message":"PUT \"/savingsaccount/26076144574/400\", parameters={}","logger_name":"org.springframework.test.web.servlet.TestDispatcherServlet","thread_name":"Test worker","level":"DEBUG","level_value":10000}
{"@timestamp":"2022-04-21T12:49:29.199+02:00","@version":"1","message":"Mapped to org.steinko.bank.bankaccount.BankAccountController#depositToSavingsAccount(Long, Integer)","logger_name":"org.springframework.web.servlet.mvc.method.annotation.RequestMappingHandlerMapping","thread_name":"Test worker","level":"DEBUG","level_value":10000}
{"@timestamp":"2022-04-21T12:49:29.205+02:00","@version":"1","message":"Using 'application/json', given [*/*] and supported [application/json, application/*+json]","logger_name":"org.springframework.web.servlet.mvc.method.annotation.RequestResponseBodyMethodProcessor","thread_name":"Test worker","level":"DEBUG","level_value":10000}
{"@timestamp":"2022-04-21T12:49:29.206+02:00","@version":"1","message":"Writing [org.steinko.bank.bankaccount.BankAccountDto@6470d8c2]","logger_name":"org.springframework.web.servlet.mvc.method.annotation.RequestResponseBodyMethodProcessor","thread_name":"Test worker","level":"DEBUG","level_value":10000}
{"@timestamp":"2022-04-21T12:49:29.207+02:00","@version":"1","message":"Completed 200 OK","logger_name":"org.springframework.test.web.servlet.TestDispatcherServlet","thread_name":"Test worker","level":"DEBUG","level_value":10000}
{"@timestamp":"2022-04-21T12:49:29.386+02:00","@version":"1","message":"start constructor create customer . persoonId:26076144679","logger_name":"org.steinko.bank.customer.Customer","thread_name":"Test worker","level":"INFO","level_value":20000,"category":"component"}
{"@timestamp":"2022-04-21T12:49:29.387+02:00","@version":"1","message":"getPersonId personId: 26076144679 category=component","logger_name":"org.steinko.bank.customer.CustomerDto","thread_name":"Test worker","level":"INFO","level_value":20000,"category":"component"}
{"@timestamp":"2022-04-21T12:49:29.392+02:00","@version":"1","message":"getPersonId personId: 26076144679 category=component","logger_name":"org.steinko.bank.customer.CustomerDto","thread_name":"Test worker","level":"INFO","level_value":20000,"category":"component"}
{"@timestamp":"2022-04-21T12:49:29.392+02:00","@version":"1","message":"start constructor create customer . persoonId:26076144679","logger_name":"org.steinko.bank.customer.Customer","thread_name":"Test worker","level":"INFO","level_value":20000,"category":"component"}
{"@timestamp":"2022-04-21T12:49:29.394+02:00","@version":"1","message":"start constructor create customer . persoonId:26076144574","logger_name":"org.steinko.bank.customer.Customer","thread_name":"Test worker","level":"INFO","level_value":20000,"category":"component"}
{"@timestamp":"2022-04-21T12:49:29.410+02:00","@version":"1","message":"Found javax.persistence.Persistence on classpath containing 'getPersistenceUtil'. Assuming JPA 2 environment. Trying to instantiate JPA aware TraversableResolver","logger_name":"org.hibernate.validator.internal.engine.resolver.TraversableResolvers","thread_name":"Test worker","level":"DEBUG","level_value":10000}
{"@timestamp":"2022-04-21T12:49:29.411+02:00","@version":"1","message":"Instantiated JPA aware TraversableResolver of type org.hibernate.validator.internal.engine.resolver.JPATraversableResolver.","logger_name":"org.hibernate.validator.internal.engine.resolver.TraversableResolvers","thread_name":"Test worker","level":"DEBUG","level_value":10000}
{"@timestamp":"2022-04-21T12:49:29.411+02:00","@version":"1","message":"Loaded expression factory via original TCCL","logger_name":"org.hibernate.validator.messageinterpolation.ResourceBundleMessageInterpolator","thread_name":"Test worker","level":"DEBUG","level_value":10000}
{"@timestamp":"2022-04-21T12:49:29.411+02:00","@version":"1","message":"Setting custom MessageInterpolator of type org.springframework.validation.beanvalidation.LocaleContextMessageInterpolator","logger_name":"org.hibernate.validator.internal.engine.ConfigurationImpl","thread_name":"Test worker","level":"DEBUG","level_value":10000}
{"@timestamp":"2022-04-21T12:49:29.412+02:00","@version":"1","message":"Setting custom ParameterNameProvider of type org.springframework.validation.beanvalidation.LocalValidatorFactoryBean$1","logger_name":"org.hibernate.validator.internal.engine.ConfigurationImpl","thread_name":"Test worker","level":"DEBUG","level_value":10000}
{"@timestamp":"2022-04-21T12:49:29.414+02:00","@version":"1","message":"Trying to load META-INF/validation.xml for XML based Validator configuration.","logger_name":"org.hibernate.validator.internal.xml.config.ValidationXmlParser","thread_name":"Test worker","level":"DEBUG","level_value":10000}
{"@timestamp":"2022-04-21T12:49:29.415+02:00","@version":"1","message":"Trying to load META-INF/validation.xml via TCCL","logger_name":"org.hibernate.validator.internal.xml.config.ResourceLoaderHelper","thread_name":"Test worker","level":"DEBUG","level_value":10000}
{"@timestamp":"2022-04-21T12:49:29.416+02:00","@version":"1","message":"Trying to load META-INF/validation.xml via Hibernate Validator's class loader","logger_name":"org.hibernate.validator.internal.xml.config.ResourceLoaderHelper","thread_name":"Test worker","level":"DEBUG","level_value":10000}
{"@timestamp":"2022-04-21T12:49:29.418+02:00","@version":"1","message":"No META-INF/validation.xml found. Using annotation based configuration only.","logger_name":"org.hibernate.validator.internal.xml.config.ValidationXmlParser","thread_name":"Test worker","level":"DEBUG","level_value":10000}
{"@timestamp":"2022-04-21T12:49:29.434+02:00","@version":"1","message":"HV000234: Using org.springframework.validation.beanvalidation.LocaleContextMessageInterpolator as ValidatorFactory-scoped message interpolator.","logger_name":"org.hibernate.validator.internal.engine.ValidatorFactoryImpl","thread_name":"Test worker","level":"DEBUG","level_value":10000}
{"@timestamp":"2022-04-21T12:49:29.435+02:00","@version":"1","message":"HV000234: Using org.hibernate.validator.internal.engine.resolver.JPATraversableResolver as ValidatorFactory-scoped traversable resolver.","logger_name":"org.hibernate.validator.internal.engine.ValidatorFactoryImpl","thread_name":"Test worker","level":"DEBUG","level_value":10000}
{"@timestamp":"2022-04-21T12:49:29.436+02:00","@version":"1","message":"HV000234: Using org.hibernate.validator.internal.util.ExecutableParameterNameProvider as ValidatorFactory-scoped parameter name provider.","logger_name":"org.hibernate.validator.internal.engine.ValidatorFactoryImpl","thread_name":"Test worker","level":"DEBUG","level_value":10000}
{"@timestamp":"2022-04-21T12:49:29.436+02:00","@version":"1","message":"HV000234: Using org.hibernate.validator.internal.engine.DefaultClockProvider as ValidatorFactory-scoped clock provider.","logger_name":"org.hibernate.validator.internal.engine.ValidatorFactoryImpl","thread_name":"Test worker","level":"DEBUG","level_value":10000}
{"@timestamp":"2022-04-21T12:49:29.437+02:00","@version":"1","message":"HV000234: Using org.hibernate.validator.internal.engine.scripting.DefaultScriptEvaluatorFactory as ValidatorFactory-scoped script evaluator factory.","logger_name":"org.hibernate.validator.internal.engine.ValidatorFactoryImpl","thread_name":"Test worker","level":"DEBUG","level_value":10000}
{"@timestamp":"2022-04-21T12:49:29.503+02:00","@version":"1","message":"5 mappings in <unknown>","logger_name":"org.springframework.web.servlet.mvc.method.annotation.RequestMappingHandlerMapping","thread_name":"Test worker","level":"DEBUG","level_value":10000}
{"@timestamp":"2022-04-21T12:49:29.519+02:00","@version":"1","message":"ControllerAdvice beans: 0 @ModelAttribute, 0 @InitBinder, 1 RequestBodyAdvice, 1 ResponseBodyAdvice","logger_name":"org.springframework.web.servlet.mvc.method.annotation.RequestMappingHandlerAdapter","thread_name":"Test worker","level":"DEBUG","level_value":10000}
{"@timestamp":"2022-04-21T12:49:29.530+02:00","@version":"1","message":"ControllerAdvice beans: 0 @ExceptionHandler, 1 ResponseBodyAdvice","logger_name":"org.springframework.web.servlet.mvc.method.annotation.ExceptionHandlerExceptionResolver","thread_name":"Test worker","level":"DEBUG","level_value":10000}
{"@timestamp":"2022-04-21T12:49:29.531+02:00","@version":"1","message":"Initializing Spring TestDispatcherServlet ''","logger_name":"org.springframework.mock.web.MockServletContext","thread_name":"Test worker","level":"INFO","level_value":20000}
{"@timestamp":"2022-04-21T12:49:29.532+02:00","@version":"1","message":"Initializing Servlet ''","logger_name":"org.springframework.test.web.servlet.TestDispatcherServlet","thread_name":"Test worker","level":"INFO","level_value":20000}
{"@timestamp":"2022-04-21T12:49:29.532+02:00","@version":"1","message":"Detected AcceptHeaderLocaleResolver","logger_name":"org.springframework.test.web.servlet.TestDispatcherServlet","thread_name":"Test worker","level":"DEBUG","level_value":10000}
{"@timestamp":"2022-04-21T12:49:29.532+02:00","@version":"1","message":"Detected FixedThemeResolver","logger_name":"org.springframework.test.web.servlet.TestDispatcherServlet","thread_name":"Test worker","level":"DEBUG","level_value":10000}
{"@timestamp":"2022-04-21T12:49:29.532+02:00","@version":"1","message":"Detected org.springframework.web.servlet.view.DefaultRequestToViewNameTranslator@7ca6196d","logger_name":"org.springframework.test.web.servlet.TestDispatcherServlet","thread_name":"Test worker","level":"DEBUG","level_value":10000}
{"@timestamp":"2022-04-21T12:49:29.532+02:00","@version":"1","message":"Detected org.springframework.web.servlet.support.SessionFlashMapManager@adae151","logger_name":"org.springframework.test.web.servlet.TestDispatcherServlet","thread_name":"Test worker","level":"DEBUG","level_value":10000}
{"@timestamp":"2022-04-21T12:49:29.533+02:00","@version":"1","message":"enableLoggingRequestDetails='false': request parameters and headers will be masked to prevent unsafe logging of potentially sensitive data","logger_name":"org.springframework.test.web.servlet.TestDispatcherServlet","thread_name":"Test worker","level":"DEBUG","level_value":10000}
{"@timestamp":"2022-04-21T12:49:29.533+02:00","@version":"1","message":"Completed initialization in 1 ms","logger_name":"org.springframework.test.web.servlet.TestDispatcherServlet","thread_name":"Test worker","level":"INFO","level_value":20000}
{"@timestamp":"2022-04-21T12:49:29.540+02:00","@version":"1","message":"GET \"/customer/26076144574\", parameters={}","logger_name":"org.springframework.test.web.servlet.TestDispatcherServlet","thread_name":"Test worker","level":"DEBUG","level_value":10000}
{"@timestamp":"2022-04-21T12:49:29.543+02:00","@version":"1","message":"Mapped to org.steinko.bank.customer.CustomerController#getCustomer(Long)","logger_name":"org.springframework.web.servlet.mvc.method.annotation.RequestMappingHandlerMapping","thread_name":"Test worker","level":"DEBUG","level_value":10000}
{"@timestamp":"2022-04-21T12:49:29.583+02:00","@version":"1","message":"Using 'application/json', given [*/*] and supported [application/json, application/*+json]","logger_name":"org.springframework.web.servlet.mvc.method.annotation.RequestResponseBodyMethodProcessor","thread_name":"Test worker","level":"DEBUG","level_value":10000}
{"@timestamp":"2022-04-21T12:49:29.584+02:00","@version":"1","message":"Writing [personId: 26076144574]","logger_name":"org.springframework.web.servlet.mvc.method.annotation.RequestResponseBodyMethodProcessor","thread_name":"Test worker","level":"DEBUG","level_value":10000}
{"@timestamp":"2022-04-21T12:49:29.585+02:00","@version":"1","message":"getPersonId personId: 26076144574 category=component","logger_name":"org.steinko.bank.customer.CustomerDto","thread_name":"Test worker","level":"INFO","level_value":20000,"category":"component"}
{"@timestamp":"2022-04-21T12:49:29.586+02:00","@version":"1","message":"Completed 200 OK","logger_name":"org.springframework.test.web.servlet.TestDispatcherServlet","thread_name":"Test worker","level":"DEBUG","level_value":10000}
{"@timestamp":"2022-04-21T12:49:29.597+02:00","@version":"1","message":"start unit test should create customer ","logger_name":"org.steinko.bank.customer.CustomerControllerTest","thread_name":"Test worker","level":"INFO","level_value":20000,"category":"component"}
{"@timestamp":"2022-04-21T12:49:29.598+02:00","@version":"1","message":"start constructor create customer . persoonId:26076144575","logger_name":"org.steinko.bank.customer.Customer","thread_name":"Test worker","level":"INFO","level_value":20000,"category":"component"}
{"@timestamp":"2022-04-21T12:49:29.599+02:00","@version":"1","message":"CustomerDto.toString personId: 26076144575","logger_name":"org.steinko.bank.customer.CustomerControllerTest","thread_name":"Test worker","level":"INFO","level_value":20000,"category":"component"}
{"@timestamp":"2022-04-21T12:49:29.858+02:00","@version":"1","message":"getPersonId personId: 26076144575 category=component","logger_name":"org.steinko.bank.customer.CustomerDto","thread_name":"Test worker","level":"INFO","level_value":20000,"category":"component"}
{"@timestamp":"2022-04-21T12:49:29.872+02:00","@version":"1","message":"Found javax.persistence.Persistence on classpath containing 'getPersistenceUtil'. Assuming JPA 2 environment. Trying to instantiate JPA aware TraversableResolver","logger_name":"org.hibernate.validator.internal.engine.resolver.TraversableResolvers","thread_name":"Test worker","level":"DEBUG","level_value":10000}
{"@timestamp":"2022-04-21T12:49:29.873+02:00","@version":"1","message":"Instantiated JPA aware TraversableResolver of type org.hibernate.validator.internal.engine.resolver.JPATraversableResolver.","logger_name":"org.hibernate.validator.internal.engine.resolver.TraversableResolvers","thread_name":"Test worker","level":"DEBUG","level_value":10000}
{"@timestamp":"2022-04-21T12:49:29.873+02:00","@version":"1","message":"Loaded expression factory via original TCCL","logger_name":"org.hibernate.validator.messageinterpolation.ResourceBundleMessageInterpolator","thread_name":"Test worker","level":"DEBUG","level_value":10000}
{"@timestamp":"2022-04-21T12:49:29.873+02:00","@version":"1","message":"Setting custom MessageInterpolator of type org.springframework.validation.beanvalidation.LocaleContextMessageInterpolator","logger_name":"org.hibernate.validator.internal.engine.ConfigurationImpl","thread_name":"Test worker","level":"DEBUG","level_value":10000}
{"@timestamp":"2022-04-21T12:49:29.873+02:00","@version":"1","message":"Setting custom ParameterNameProvider of type org.springframework.validation.beanvalidation.LocalValidatorFactoryBean$1","logger_name":"org.hibernate.validator.internal.engine.ConfigurationImpl","thread_name":"Test worker","level":"DEBUG","level_value":10000}
{"@timestamp":"2022-04-21T12:49:29.876+02:00","@version":"1","message":"Trying to load META-INF/validation.xml for XML based Validator configuration.","logger_name":"org.hibernate.validator.internal.xml.config.ValidationXmlParser","thread_name":"Test worker","level":"DEBUG","level_value":10000}
{"@timestamp":"2022-04-21T12:49:29.879+02:00","@version":"1","message":"Trying to load META-INF/validation.xml via TCCL","logger_name":"org.hibernate.validator.internal.xml.config.ResourceLoaderHelper","thread_name":"Test worker","level":"DEBUG","level_value":10000}
{"@timestamp":"2022-04-21T12:49:29.880+02:00","@version":"1","message":"Trying to load META-INF/validation.xml via Hibernate Validator's class loader","logger_name":"org.hibernate.validator.internal.xml.config.ResourceLoaderHelper","thread_name":"Test worker","level":"DEBUG","level_value":10000}
{"@timestamp":"2022-04-21T12:49:29.882+02:00","@version":"1","message":"No META-INF/validation.xml found. Using annotation based configuration only.","logger_name":"org.hibernate.validator.internal.xml.config.ValidationXmlParser","thread_name":"Test worker","level":"DEBUG","level_value":10000}
{"@timestamp":"2022-04-21T12:49:29.894+02:00","@version":"1","message":"HV000234: Using org.springframework.validation.beanvalidation.LocaleContextMessageInterpolator as ValidatorFactory-scoped message interpolator.","logger_name":"org.hibernate.validator.internal.engine.ValidatorFactoryImpl","thread_name":"Test worker","level":"DEBUG","level_value":10000}
{"@timestamp":"2022-04-21T12:49:29.895+02:00","@version":"1","message":"HV000234: Using org.hibernate.validator.internal.engine.resolver.JPATraversableResolver as ValidatorFactory-scoped traversable resolver.","logger_name":"org.hibernate.validator.internal.engine.ValidatorFactoryImpl","thread_name":"Test worker","level":"DEBUG","level_value":10000}
{"@timestamp":"2022-04-21T12:49:29.896+02:00","@version":"1","message":"HV000234: Using org.hibernate.validator.internal.util.ExecutableParameterNameProvider as ValidatorFactory-scoped parameter name provider.","logger_name":"org.hibernate.validator.internal.engine.ValidatorFactoryImpl","thread_name":"Test worker","level":"DEBUG","level_value":10000}
{"@timestamp":"2022-04-21T12:49:29.899+02:00","@version":"1","message":"HV000234: Using org.hibernate.validator.internal.engine.DefaultClockProvider as ValidatorFactory-scoped clock provider.","logger_name":"org.hibernate.validator.internal.engine.ValidatorFactoryImpl","thread_name":"Test worker","level":"DEBUG","level_value":10000}
{"@timestamp":"2022-04-21T12:49:29.900+02:00","@version":"1","message":"HV000234: Using org.hibernate.validator.internal.engine.scripting.DefaultScriptEvaluatorFactory as ValidatorFactory-scoped script evaluator factory.","logger_name":"org.hibernate.validator.internal.engine.ValidatorFactoryImpl","thread_name":"Test worker","level":"DEBUG","level_value":10000}
{"@timestamp":"2022-04-21T12:49:29.921+02:00","@version":"1","message":"5 mappings in <unknown>","logger_name":"org.springframework.web.servlet.mvc.method.annotation.RequestMappingHandlerMapping","thread_name":"Test worker","level":"DEBUG","level_value":10000}
{"@timestamp":"2022-04-21T12:49:29.932+02:00","@version":"1","message":"ControllerAdvice beans: 0 @ModelAttribute, 0 @InitBinder, 1 RequestBodyAdvice, 1 ResponseBodyAdvice","logger_name":"org.springframework.web.servlet.mvc.method.annotation.RequestMappingHandlerAdapter","thread_name":"Test worker","level":"DEBUG","level_value":10000}
{"@timestamp":"2022-04-21T12:49:29.938+02:00","@version":"1","message":"ControllerAdvice beans: 0 @ExceptionHandler, 1 ResponseBodyAdvice","logger_name":"org.springframework.web.servlet.mvc.method.annotation.ExceptionHandlerExceptionResolver","thread_name":"Test worker","level":"DEBUG","level_value":10000}
{"@timestamp":"2022-04-21T12:49:29.941+02:00","@version":"1","message":"Initializing Spring TestDispatcherServlet ''","logger_name":"org.springframework.mock.web.MockServletContext","thread_name":"Test worker","level":"INFO","level_value":20000}
{"@timestamp":"2022-04-21T12:49:29.941+02:00","@version":"1","message":"Initializing Servlet ''","logger_name":"org.springframework.test.web.servlet.TestDispatcherServlet","thread_name":"Test worker","level":"INFO","level_value":20000}
{"@timestamp":"2022-04-21T12:49:29.941+02:00","@version":"1","message":"Detected AcceptHeaderLocaleResolver","logger_name":"org.springframework.test.web.servlet.TestDispatcherServlet","thread_name":"Test worker","level":"DEBUG","level_value":10000}
{"@timestamp":"2022-04-21T12:49:29.941+02:00","@version":"1","message":"Detected FixedThemeResolver","logger_name":"org.springframework.test.web.servlet.TestDispatcherServlet","thread_name":"Test worker","level":"DEBUG","level_value":10000}
{"@timestamp":"2022-04-21T12:49:29.941+02:00","@version":"1","message":"Detected org.springframework.web.servlet.view.DefaultRequestToViewNameTranslator@fd8bcc5","logger_name":"org.springframework.test.web.servlet.TestDispatcherServlet","thread_name":"Test worker","level":"DEBUG","level_value":10000}
{"@timestamp":"2022-04-21T12:49:29.941+02:00","@version":"1","message":"Detected org.springframework.web.servlet.support.SessionFlashMapManager@56e31754","logger_name":"org.springframework.test.web.servlet.TestDispatcherServlet","thread_name":"Test worker","level":"DEBUG","level_value":10000}
{"@timestamp":"2022-04-21T12:49:29.942+02:00","@version":"1","message":"enableLoggingRequestDetails='false': request parameters and headers will be masked to prevent unsafe logging of potentially sensitive data","logger_name":"org.springframework.test.web.servlet.TestDispatcherServlet","thread_name":"Test worker","level":"DEBUG","level_value":10000}
{"@timestamp":"2022-04-21T12:49:29.942+02:00","@version":"1","message":"Completed initialization in 1 ms","logger_name":"org.springframework.test.web.servlet.TestDispatcherServlet","thread_name":"Test worker","level":"INFO","level_value":20000}
{"@timestamp":"2022-04-21T12:49:29.946+02:00","@version":"1","message":"POST \"/customer\", parameters={}","logger_name":"org.springframework.test.web.servlet.TestDispatcherServlet","thread_name":"Test worker","level":"DEBUG","level_value":10000}
{"@timestamp":"2022-04-21T12:49:29.948+02:00","@version":"1","message":"Mapped to org.steinko.bank.customer.CustomerController#createCustomer(CustomerDto)","logger_name":"org.springframework.web.servlet.mvc.method.annotation.RequestMappingHandlerMapping","thread_name":"Test worker","level":"DEBUG","level_value":10000}
{"@timestamp":"2022-04-21T12:49:30.076+02:00","@version":"1","message":"Read \"application/json;charset=ISO-8859-1\" to [personId: 26076144575]","logger_name":"org.springframework.web.servlet.mvc.method.annotation.RequestResponseBodyMethodProcessor","thread_name":"Test worker","level":"DEBUG","level_value":10000}
{"@timestamp":"2022-04-21T12:49:30.184+02:00","@version":"1","message":"start methode create customer  input customerDtopersonId: 26076144575","logger_name":"org.steinko.bank.customer.CustomerController","thread_name":"Test worker","level":"INFO","level_value":20000,"category":"component"}
{"@timestamp":"2022-04-21T12:49:30.191+02:00","@version":"1","message":"getPersonId personId: 26076144575 category=component","logger_name":"org.steinko.bank.customer.CustomerDto","thread_name":"Test worker","level":"INFO","level_value":20000,"category":"component"}
{"@timestamp":"2022-04-21T12:49:30.191+02:00","@version":"1","message":"start constructor create customer . persoonId:26076144575","logger_name":"org.steinko.bank.customer.Customer","thread_name":"Test worker","level":"INFO","level_value":20000,"category":"component"}
{"@timestamp":"2022-04-21T12:49:30.202+02:00","@version":"1","message":"Using 'application/json', given [*/*] and supported [application/json]","logger_name":"org.springframework.web.servlet.mvc.method.annotation.RequestResponseBodyMethodProcessor","thread_name":"Test worker","level":"DEBUG","level_value":10000}
{"@timestamp":"2022-04-21T12:49:30.210+02:00","@version":"1","message":"Writing [personId: 26076144575]","logger_name":"org.springframework.web.servlet.mvc.method.annotation.RequestResponseBodyMethodProcessor","thread_name":"Test worker","level":"DEBUG","level_value":10000}
{"@timestamp":"2022-04-21T12:49:30.212+02:00","@version":"1","message":"getPersonId personId: 26076144575 category=component","logger_name":"org.steinko.bank.customer.CustomerDto","thread_name":"Test worker","level":"INFO","level_value":20000,"category":"component"}
{"@timestamp":"2022-04-21T12:49:30.213+02:00","@version":"1","message":"Completed 201 CREATED","logger_name":"org.springframework.test.web.servlet.TestDispatcherServlet","thread_name":"Test worker","level":"DEBUG","level_value":10000}
{"@timestamp":"2022-04-21T12:49:30.408+02:00","@version":"1","message":"end unit test should create customer ","logger_name":"org.steinko.bank.customer.CustomerControllerTest","thread_name":"Test worker","level":"INFO","level_value":20000,"category":"component"}
{"@timestamp":"2022-04-21T12:49:30.442+02:00","@version":"1","message":"Found javax.persistence.Persistence on classpath containing 'getPersistenceUtil'. Assuming JPA 2 environment. Trying to instantiate JPA aware TraversableResolver","logger_name":"org.hibernate.validator.internal.engine.resolver.TraversableResolvers","thread_name":"Test worker","level":"DEBUG","level_value":10000}
{"@timestamp":"2022-04-21T12:49:30.444+02:00","@version":"1","message":"Instantiated JPA aware TraversableResolver of type org.hibernate.validator.internal.engine.resolver.JPATraversableResolver.","logger_name":"org.hibernate.validator.internal.engine.resolver.TraversableResolvers","thread_name":"Test worker","level":"DEBUG","level_value":10000}
{"@timestamp":"2022-04-21T12:49:30.445+02:00","@version":"1","message":"Loaded expression factory via original TCCL","logger_name":"org.hibernate.validator.messageinterpolation.ResourceBundleMessageInterpolator","thread_name":"Test worker","level":"DEBUG","level_value":10000}
{"@timestamp":"2022-04-21T12:49:30.445+02:00","@version":"1","message":"Setting custom MessageInterpolator of type org.springframework.validation.beanvalidation.LocaleContextMessageInterpolator","logger_name":"org.hibernate.validator.internal.engine.ConfigurationImpl","thread_name":"Test worker","level":"DEBUG","level_value":10000}
{"@timestamp":"2022-04-21T12:49:30.445+02:00","@version":"1","message":"Setting custom ParameterNameProvider of type org.springframework.validation.beanvalidation.LocalValidatorFactoryBean$1","logger_name":"org.hibernate.validator.internal.engine.ConfigurationImpl","thread_name":"Test worker","level":"DEBUG","level_value":10000}
{"@timestamp":"2022-04-21T12:49:30.447+02:00","@version":"1","message":"Trying to load META-INF/validation.xml for XML based Validator configuration.","logger_name":"org.hibernate.validator.internal.xml.config.ValidationXmlParser","thread_name":"Test worker","level":"DEBUG","level_value":10000}
{"@timestamp":"2022-04-21T12:49:30.447+02:00","@version":"1","message":"Trying to load META-INF/validation.xml via TCCL","logger_name":"org.hibernate.validator.internal.xml.config.ResourceLoaderHelper","thread_name":"Test worker","level":"DEBUG","level_value":10000}
{"@timestamp":"2022-04-21T12:49:30.448+02:00","@version":"1","message":"Trying to load META-INF/validation.xml via Hibernate Validator's class loader","logger_name":"org.hibernate.validator.internal.xml.config.ResourceLoaderHelper","thread_name":"Test worker","level":"DEBUG","level_value":10000}
{"@timestamp":"2022-04-21T12:49:30.451+02:00","@version":"1","message":"No META-INF/validation.xml found. Using annotation based configuration only.","logger_name":"org.hibernate.validator.internal.xml.config.ValidationXmlParser","thread_name":"Test worker","level":"DEBUG","level_value":10000}
{"@timestamp":"2022-04-21T12:49:30.467+02:00","@version":"1","message":"HV000234: Using org.springframework.validation.beanvalidation.LocaleContextMessageInterpolator as ValidatorFactory-scoped message interpolator.","logger_name":"org.hibernate.validator.internal.engine.ValidatorFactoryImpl","thread_name":"Test worker","level":"DEBUG","level_value":10000}
{"@timestamp":"2022-04-21T12:49:30.468+02:00","@version":"1","message":"HV000234: Using org.hibernate.validator.internal.engine.resolver.JPATraversableResolver as ValidatorFactory-scoped traversable resolver.","logger_name":"org.hibernate.validator.internal.engine.ValidatorFactoryImpl","thread_name":"Test worker","level":"DEBUG","level_value":10000}
{"@timestamp":"2022-04-21T12:49:30.468+02:00","@version":"1","message":"HV000234: Using org.hibernate.validator.internal.util.ExecutableParameterNameProvider as ValidatorFactory-scoped parameter name provider.","logger_name":"org.hibernate.validator.internal.engine.ValidatorFactoryImpl","thread_name":"Test worker","level":"DEBUG","level_value":10000}
{"@timestamp":"2022-04-21T12:49:30.469+02:00","@version":"1","message":"HV000234: Using org.hibernate.validator.internal.engine.DefaultClockProvider as ValidatorFactory-scoped clock provider.","logger_name":"org.hibernate.validator.internal.engine.ValidatorFactoryImpl","thread_name":"Test worker","level":"DEBUG","level_value":10000}
{"@timestamp":"2022-04-21T12:49:30.469+02:00","@version":"1","message":"HV000234: Using org.hibernate.validator.internal.engine.scripting.DefaultScriptEvaluatorFactory as ValidatorFactory-scoped script evaluator factory.","logger_name":"org.hibernate.validator.internal.engine.ValidatorFactoryImpl","thread_name":"Test worker","level":"DEBUG","level_value":10000}
{"@timestamp":"2022-04-21T12:49:30.504+02:00","@version":"1","message":"5 mappings in <unknown>","logger_name":"org.springframework.web.servlet.mvc.method.annotation.RequestMappingHandlerMapping","thread_name":"Test worker","level":"DEBUG","level_value":10000}
{"@timestamp":"2022-04-21T12:49:30.524+02:00","@version":"1","message":"ControllerAdvice beans: 0 @ModelAttribute, 0 @InitBinder, 1 RequestBodyAdvice, 1 ResponseBodyAdvice","logger_name":"org.springframework.web.servlet.mvc.method.annotation.RequestMappingHandlerAdapter","thread_name":"Test worker","level":"DEBUG","level_value":10000}
{"@timestamp":"2022-04-21T12:49:30.529+02:00","@version":"1","message":"ControllerAdvice beans: 0 @ExceptionHandler, 1 ResponseBodyAdvice","logger_name":"org.springframework.web.servlet.mvc.method.annotation.ExceptionHandlerExceptionResolver","thread_name":"Test worker","level":"DEBUG","level_value":10000}
{"@timestamp":"2022-04-21T12:49:30.532+02:00","@version":"1","message":"Initializing Spring TestDispatcherServlet ''","logger_name":"org.springframework.mock.web.MockServletContext","thread_name":"Test worker","level":"INFO","level_value":20000}
{"@timestamp":"2022-04-21T12:49:30.533+02:00","@version":"1","message":"Initializing Servlet ''","logger_name":"org.springframework.test.web.servlet.TestDispatcherServlet","thread_name":"Test worker","level":"INFO","level_value":20000}
{"@timestamp":"2022-04-21T12:49:30.534+02:00","@version":"1","message":"Detected AcceptHeaderLocaleResolver","logger_name":"org.springframework.test.web.servlet.TestDispatcherServlet","thread_name":"Test worker","level":"DEBUG","level_value":10000}
{"@timestamp":"2022-04-21T12:49:30.534+02:00","@version":"1","message":"Detected FixedThemeResolver","logger_name":"org.springframework.test.web.servlet.TestDispatcherServlet","thread_name":"Test worker","level":"DEBUG","level_value":10000}
{"@timestamp":"2022-04-21T12:49:30.535+02:00","@version":"1","message":"Detected org.springframework.web.servlet.view.DefaultRequestToViewNameTranslator@57f4cd13","logger_name":"org.springframework.test.web.servlet.TestDispatcherServlet","thread_name":"Test worker","level":"DEBUG","level_value":10000}
{"@timestamp":"2022-04-21T12:49:30.535+02:00","@version":"1","message":"Detected org.springframework.web.servlet.support.SessionFlashMapManager@52b5028c","logger_name":"org.springframework.test.web.servlet.TestDispatcherServlet","thread_name":"Test worker","level":"DEBUG","level_value":10000}
{"@timestamp":"2022-04-21T12:49:30.535+02:00","@version":"1","message":"enableLoggingRequestDetails='false': request parameters and headers will be masked to prevent unsafe logging of potentially sensitive data","logger_name":"org.springframework.test.web.servlet.TestDispatcherServlet","thread_name":"Test worker","level":"DEBUG","level_value":10000}
{"@timestamp":"2022-04-21T12:49:30.535+02:00","@version":"1","message":"Completed initialization in 1 ms","logger_name":"org.springframework.test.web.servlet.TestDispatcherServlet","thread_name":"Test worker","level":"INFO","level_value":20000}
{"@timestamp":"2022-04-21T12:49:30.537+02:00","@version":"1","message":"DELETE \"/customer/26076144574\", parameters={}","logger_name":"org.springframework.test.web.servlet.TestDispatcherServlet","thread_name":"Test worker","level":"DEBUG","level_value":10000}
{"@timestamp":"2022-04-21T12:49:30.539+02:00","@version":"1","message":"Mapped to org.steinko.bank.customer.CustomerController#deleteCustomer(Long)","logger_name":"org.springframework.web.servlet.mvc.method.annotation.RequestMappingHandlerMapping","thread_name":"Test worker","level":"DEBUG","level_value":10000}
{"@timestamp":"2022-04-21T12:49:30.546+02:00","@version":"1","message":"Completed 200 OK","logger_name":"org.springframework.test.web.servlet.TestDispatcherServlet","thread_name":"Test worker","level":"DEBUG","level_value":10000}
{"@timestamp":"2022-04-21T12:49:30.560+02:00","@version":"1","message":"start constructor create customer . persoonId:26076144574","logger_name":"org.steinko.bank.customer.Customer","thread_name":"Test worker","level":"INFO","level_value":20000,"category":"component"}
{"@timestamp":"2022-04-21T12:49:30.571+02:00","@version":"1","message":"getPersonId personId: 26076144574 category=component","logger_name":"org.steinko.bank.customer.CustomerDto","thread_name":"Test worker","level":"INFO","level_value":20000,"category":"component"}
{"@timestamp":"2022-04-21T12:49:30.588+02:00","@version":"1","message":"Found javax.persistence.Persistence on classpath containing 'getPersistenceUtil'. Assuming JPA 2 environment. Trying to instantiate JPA aware TraversableResolver","logger_name":"org.hibernate.validator.internal.engine.resolver.TraversableResolvers","thread_name":"Test worker","level":"DEBUG","level_value":10000}
{"@timestamp":"2022-04-21T12:49:30.592+02:00","@version":"1","message":"Instantiated JPA aware TraversableResolver of type org.hibernate.validator.internal.engine.resolver.JPATraversableResolver.","logger_name":"org.hibernate.validator.internal.engine.resolver.TraversableResolvers","thread_name":"Test worker","level":"DEBUG","level_value":10000}
{"@timestamp":"2022-04-21T12:49:30.594+02:00","@version":"1","message":"Loaded expression factory via original TCCL","logger_name":"org.hibernate.validator.messageinterpolation.ResourceBundleMessageInterpolator","thread_name":"Test worker","level":"DEBUG","level_value":10000}
{"@timestamp":"2022-04-21T12:49:30.595+02:00","@version":"1","message":"Setting custom MessageInterpolator of type org.springframework.validation.beanvalidation.LocaleContextMessageInterpolator","logger_name":"org.hibernate.validator.internal.engine.ConfigurationImpl","thread_name":"Test worker","level":"DEBUG","level_value":10000}
{"@timestamp":"2022-04-21T12:49:30.595+02:00","@version":"1","message":"Setting custom ParameterNameProvider of type org.springframework.validation.beanvalidation.LocalValidatorFactoryBean$1","logger_name":"org.hibernate.validator.internal.engine.ConfigurationImpl","thread_name":"Test worker","level":"DEBUG","level_value":10000}
{"@timestamp":"2022-04-21T12:49:30.598+02:00","@version":"1","message":"Trying to load META-INF/validation.xml for XML based Validator configuration.","logger_name":"org.hibernate.validator.internal.xml.config.ValidationXmlParser","thread_name":"Test worker","level":"DEBUG","level_value":10000}
{"@timestamp":"2022-04-21T12:49:30.598+02:00","@version":"1","message":"Trying to load META-INF/validation.xml via TCCL","logger_name":"org.hibernate.validator.internal.xml.config.ResourceLoaderHelper","thread_name":"Test worker","level":"DEBUG","level_value":10000}
{"@timestamp":"2022-04-21T12:49:30.600+02:00","@version":"1","message":"Trying to load META-INF/validation.xml via Hibernate Validator's class loader","logger_name":"org.hibernate.validator.internal.xml.config.ResourceLoaderHelper","thread_name":"Test worker","level":"DEBUG","level_value":10000}
{"@timestamp":"2022-04-21T12:49:30.603+02:00","@version":"1","message":"No META-INF/validation.xml found. Using annotation based configuration only.","logger_name":"org.hibernate.validator.internal.xml.config.ValidationXmlParser","thread_name":"Test worker","level":"DEBUG","level_value":10000}
{"@timestamp":"2022-04-21T12:49:30.644+02:00","@version":"1","message":"HV000234: Using org.springframework.validation.beanvalidation.LocaleContextMessageInterpolator as ValidatorFactory-scoped message interpolator.","logger_name":"org.hibernate.validator.internal.engine.ValidatorFactoryImpl","thread_name":"Test worker","level":"DEBUG","level_value":10000}
{"@timestamp":"2022-04-21T12:49:30.649+02:00","@version":"1","message":"HV000234: Using org.hibernate.validator.internal.engine.resolver.JPATraversableResolver as ValidatorFactory-scoped traversable resolver.","logger_name":"org.hibernate.validator.internal.engine.ValidatorFactoryImpl","thread_name":"Test worker","level":"DEBUG","level_value":10000}
{"@timestamp":"2022-04-21T12:49:30.651+02:00","@version":"1","message":"HV000234: Using org.hibernate.validator.internal.util.ExecutableParameterNameProvider as ValidatorFactory-scoped parameter name provider.","logger_name":"org.hibernate.validator.internal.engine.ValidatorFactoryImpl","thread_name":"Test worker","level":"DEBUG","level_value":10000}
{"@timestamp":"2022-04-21T12:49:30.653+02:00","@version":"1","message":"HV000234: Using org.hibernate.validator.internal.engine.DefaultClockProvider as ValidatorFactory-scoped clock provider.","logger_name":"org.hibernate.validator.internal.engine.ValidatorFactoryImpl","thread_name":"Test worker","level":"DEBUG","level_value":10000}
{"@timestamp":"2022-04-21T12:49:30.654+02:00","@version":"1","message":"HV000234: Using org.hibernate.validator.internal.engine.scripting.DefaultScriptEvaluatorFactory as ValidatorFactory-scoped script evaluator factory.","logger_name":"org.hibernate.validator.internal.engine.ValidatorFactoryImpl","thread_name":"Test worker","level":"DEBUG","level_value":10000}
{"@timestamp":"2022-04-21T12:49:30.723+02:00","@version":"1","message":"5 mappings in <unknown>","logger_name":"org.springframework.web.servlet.mvc.method.annotation.RequestMappingHandlerMapping","thread_name":"Test worker","level":"DEBUG","level_value":10000}
{"@timestamp":"2022-04-21T12:49:30.758+02:00","@version":"1","message":"ControllerAdvice beans: 0 @ModelAttribute, 0 @InitBinder, 1 RequestBodyAdvice, 1 ResponseBodyAdvice","logger_name":"org.springframework.web.servlet.mvc.method.annotation.RequestMappingHandlerAdapter","thread_name":"Test worker","level":"DEBUG","level_value":10000}
{"@timestamp":"2022-04-21T12:49:30.775+02:00","@version":"1","message":"ControllerAdvice beans: 0 @ExceptionHandler, 1 ResponseBodyAdvice","logger_name":"org.springframework.web.servlet.mvc.method.annotation.ExceptionHandlerExceptionResolver","thread_name":"Test worker","level":"DEBUG","level_value":10000}
{"@timestamp":"2022-04-21T12:49:30.780+02:00","@version":"1","message":"Initializing Spring TestDispatcherServlet ''","logger_name":"org.springframework.mock.web.MockServletContext","thread_name":"Test worker","level":"INFO","level_value":20000}
{"@timestamp":"2022-04-21T12:49:30.780+02:00","@version":"1","message":"Initializing Servlet ''","logger_name":"org.springframework.test.web.servlet.TestDispatcherServlet","thread_name":"Test worker","level":"INFO","level_value":20000}
{"@timestamp":"2022-04-21T12:49:30.780+02:00","@version":"1","message":"Detected AcceptHeaderLocaleResolver","logger_name":"org.springframework.test.web.servlet.TestDispatcherServlet","thread_name":"Test worker","level":"DEBUG","level_value":10000}
{"@timestamp":"2022-04-21T12:49:30.780+02:00","@version":"1","message":"Detected FixedThemeResolver","logger_name":"org.springframework.test.web.servlet.TestDispatcherServlet","thread_name":"Test worker","level":"DEBUG","level_value":10000}
{"@timestamp":"2022-04-21T12:49:30.781+02:00","@version":"1","message":"Detected org.springframework.web.servlet.view.DefaultRequestToViewNameTranslator@39963c64","logger_name":"org.springframework.test.web.servlet.TestDispatcherServlet","thread_name":"Test worker","level":"DEBUG","level_value":10000}
{"@timestamp":"2022-04-21T12:49:30.781+02:00","@version":"1","message":"Detected org.springframework.web.servlet.support.SessionFlashMapManager@721ac5ab","logger_name":"org.springframework.test.web.servlet.TestDispatcherServlet","thread_name":"Test worker","level":"DEBUG","level_value":10000}
{"@timestamp":"2022-04-21T12:49:30.781+02:00","@version":"1","message":"enableLoggingRequestDetails='false': request parameters and headers will be masked to prevent unsafe logging of potentially sensitive data","logger_name":"org.springframework.test.web.servlet.TestDispatcherServlet","thread_name":"Test worker","level":"DEBUG","level_value":10000}
{"@timestamp":"2022-04-21T12:49:30.781+02:00","@version":"1","message":"Completed initialization in 1 ms","logger_name":"org.springframework.test.web.servlet.TestDispatcherServlet","thread_name":"Test worker","level":"INFO","level_value":20000}
{"@timestamp":"2022-04-21T12:49:30.787+02:00","@version":"1","message":"PUT \"/customer\", parameters={}","logger_name":"org.springframework.test.web.servlet.TestDispatcherServlet","thread_name":"Test worker","level":"DEBUG","level_value":10000}
{"@timestamp":"2022-04-21T12:49:30.790+02:00","@version":"1","message":"Mapped to org.steinko.bank.customer.CustomerController#updateCustomer(CustomerDto)","logger_name":"org.springframework.web.servlet.mvc.method.annotation.RequestMappingHandlerMapping","thread_name":"Test worker","level":"DEBUG","level_value":10000}
{"@timestamp":"2022-04-21T12:49:30.801+02:00","@version":"1","message":"Read \"application/json;charset=ISO-8859-1\" to [personId: 26076144574]","logger_name":"org.springframework.web.servlet.mvc.method.annotation.RequestResponseBodyMethodProcessor","thread_name":"Test worker","level":"DEBUG","level_value":10000}
{"@timestamp":"2022-04-21T12:49:30.804+02:00","@version":"1","message":"getPersonId personId: 26076144574 category=component","logger_name":"org.steinko.bank.customer.CustomerDto","thread_name":"Test worker","level":"INFO","level_value":20000,"category":"component"}
{"@timestamp":"2022-04-21T12:49:30.805+02:00","@version":"1","message":"start constructor create customer . persoonId:26076144574","logger_name":"org.steinko.bank.customer.Customer","thread_name":"Test worker","level":"INFO","level_value":20000,"category":"component"}
{"@timestamp":"2022-04-21T12:49:30.809+02:00","@version":"1","message":"Using 'application/json', given [*/*] and supported [application/json]","logger_name":"org.springframework.web.servlet.mvc.method.annotation.RequestResponseBodyMethodProcessor","thread_name":"Test worker","level":"DEBUG","level_value":10000}
{"@timestamp":"2022-04-21T12:49:30.811+02:00","@version":"1","message":"Writing [personId: 26076144574]","logger_name":"org.springframework.web.servlet.mvc.method.annotation.RequestResponseBodyMethodProcessor","thread_name":"Test worker","level":"DEBUG","level_value":10000}
{"@timestamp":"2022-04-21T12:49:30.811+02:00","@version":"1","message":"getPersonId personId: 26076144574 category=component","logger_name":"org.steinko.bank.customer.CustomerDto","thread_name":"Test worker","level":"INFO","level_value":20000,"category":"component"}
{"@timestamp":"2022-04-21T12:49:30.812+02:00","@version":"1","message":"Completed 200 OK","logger_name":"org.springframework.test.web.servlet.TestDispatcherServlet","thread_name":"Test worker","level":"DEBUG","level_value":10000}
{"@timestamp":"2022-04-21T12:49:31.533+02:00","@version":"1","message":"start constructor create customer . persoonId:26076144574","logger_name":"org.steinko.bank.customer.Customer","thread_name":"Test worker","level":"INFO","level_value":20000,"category":"component"}
{"@timestamp":"2022-04-21T12:49:31.566+02:00","@version":"1","message":"start constructor create customer . persoonId:26076144574","logger_name":"org.steinko.bank.customer.Customer","thread_name":"Test worker","level":"INFO","level_value":20000,"category":"component"}
{"@timestamp":"2022-04-21T12:49:31.567+02:00","@version":"1","message":"start metode create customer","logger_name":"org.steinko.bank.customer.CustomerServiceImp","thread_name":"Test worker","level":"INFO","level_value":20000,"category":"component"}
{"@timestamp":"2022-04-21T12:49:31.568+02:00","@version":"1","message":"start constructor create customer . persoonId:26076144574","logger_name":"org.steinko.bank.customer.Customer","thread_name":"Test worker","level":"INFO","level_value":20000,"category":"component"}
{"@timestamp":"2022-04-21T12:49:31.579+02:00","@version":"1","message":"start unit test customerShouldBecreated","logger_name":"org.steinko.bank.customer.CustomerControllerTest","thread_name":"Test worker","level":"INFO","level_value":20000,"category":"component"}
{"@timestamp":"2022-04-21T12:49:31.580+02:00","@version":"1","message":"start constructor create customer . persoonId:2367987665","logger_name":"org.steinko.bank.customer.Customer","thread_name":"Test worker","level":"INFO","level_value":20000,"category":"component"}
{"@timestamp":"2022-04-21T12:49:31.580+02:00","@version":"1","message":"end unit test customerShouldBecreated ","logger_name":"org.steinko.bank.customer.CustomerControllerTest","thread_name":"Test worker","level":"INFO","level_value":20000,"category":"component"}
